This is pdfTeX, Version 3.14159265-2.6-1.40.16 (TeX Live 2015/Debian) (preloaded format=pdflatex 2017.3.23)  27 JUL 2017 17:00
entering extended mode
 restricted \write18 enabled.
 %&-line parsing enabled.
**10Bibliografia.tex
(./10Bibliografia.tex
LaTeX2e <2016/02/01>
Babel <3.9q> and hyphenation patterns for 81 language(s) loaded.

! LaTeX Error: Environment thebibliography undefined.

See the LaTeX manual or LaTeX Companion for explanation.
Type  H <return>  for immediate help.
 ...                                              
                                                  
l.2 \begin{thebibliography}
                           {99}
Your command was ignored.
Type  I <command> <return>  to replace it with another command,
or  <return>  to continue without it.


! LaTeX Error: Missing \begin{document}.

See the LaTeX manual or LaTeX Companion for explanation.
Type  H <return>  for immediate help.
 ...                                              
                                                  
l.2 \begin{thebibliography}{9
                             9}
You're in trouble here.  Try typing  <return>  to proceed.
If that doesn't work, type  X <return>  to quit.

Missing character: There is no 9 in font nullfont!
Missing character: There is no 9 in font nullfont!

Overfull \hbox (20.0pt too wide) in paragraph at lines 2--3
[] 
 []


! LaTeX Error: Lonely \item--perhaps a missing list environment.

See the LaTeX manual or LaTeX Companion for explanation.
Type  H <return>  for immediate help.
 ...                                              
                                                  
l.3 \bibitem{Ivo}
                  \textsc{Ivo van Vulpen} y \textsc{Ivan Angelozzi},
Try typing  <return>  to proceed.
If that doesn't work, type  X <return>  to quit.

! Undefined control sequence.
<argument> \@listctr 
                     
l.3 \bibitem{Ivo}
                  \textsc{Ivo van Vulpen} y \textsc{Ivan Angelozzi},
The control sequence at the end of the top line
of your error message was never \def'ed. If you have
misspelled it (e.g., `\hobx'), type `I' and the correct
spelling (e.g., `I\hbox'). Otherwise just continue,
and I'll forget about whatever was undefined.

! You can't use `\relax' after \the.
<recently read> \c@ 
                    
l.3 \bibitem{Ivo}
                  \textsc{Ivo van Vulpen} y \textsc{Ivan Angelozzi},
I'm forgetting what you said and using zero instead.

\bibcite{Ivo}{0}
Missing character: There is no y in font nullfont!
Missing character: There is no , in font nullfont!

Overfull \hbox (16.32211pt too wide) in paragraph at lines 3--5
\OT1/cmr/m/sc/10 Ivo
 []


Overfull \hbox (17.51106pt too wide) in paragraph at lines 3--5
\OT1/cmr/m/sc/10 van
 []


Overfull \hbox (36.69423pt too wide) in paragraph at lines 3--5
\OT1/cmr/m/sc/10 Vulpen
 []


Overfull \hbox (21.56656pt too wide) in paragraph at lines 3--5
\OT1/cmr/m/sc/10 Ivan
 []


Overfull \hbox (18.04987pt too wide) in paragraph at lines 3--5
\OT1/cmr/m/sc/10 An-
 []


Overfull \hbox (36.54425pt too wide) in paragraph at lines 3--5
\OT1/cmr/m/sc/10 gelozzi
 []


Overfull \hbox (16.86655pt too wide) in paragraph at lines 3--5
\OT1/cmr/m/it/10 The
 []


Overfull \hbox (23.2554pt too wide) in paragraph at lines 3--5
\OT1/cmr/m/it/10 Stan-
 []


Overfull \hbox (19.03876pt too wide) in paragraph at lines 3--5
\OT1/cmr/m/it/10 dard
 []


Overfull \hbox (25.83316pt too wide) in paragraph at lines 3--5
\OT1/cmr/m/it/10 Model
 []


Overfull \hbox (23.78873pt too wide) in paragraph at lines 3--5
\OT1/cmr/m/it/10 Higgs
 []


Overfull \hbox (15.72768pt too wide) in paragraph at lines 3--5
\OT1/cmr/m/it/10 Bo-
 []


Overfull \hbox (15.58928pt too wide) in paragraph at lines 3--5
\OT1/cmr/m/it/10 son 
 []


! LaTeX Error: Lonely \item--perhaps a missing list environment.

See the LaTeX manual or LaTeX Companion for explanation.
Type  H <return>  for immediate help.
 ...                                              
                                                  
l.5 \bibitem{JI}
                 \textsc{Jos√© Ignacio Illana},
Try typing  <return>  to proceed.
If that doesn't work, type  X <return>  to quit.

! Undefined control sequence.
<argument> \@listctr 
                     
l.5 \bibitem{JI}
                 \textsc{Jos√© Ignacio Illana},
The control sequence at the end of the top line
of your error message was never \def'ed. If you have
misspelled it (e.g., `\hobx'), type `I' and the correct
spelling (e.g., `I\hbox'). Otherwise just continue,
and I'll forget about whatever was undefined.

! You can't use `\relax' after \the.
<recently read> \c@ 
                    
l.5 \bibitem{JI}
                 \textsc{Jos√© Ignacio Illana},
I'm forgetting what you said and using zero instead.

\bibcite{JI}{0}
Missing character: There is no √ in font cmcsc10!
Missing character: There is no © in font cmcsc10!
Missing character: There is no , in font nullfont!
Missing character: There is no √ in font cmti10!
Missing character: There is no Å in font cmti10!
Missing character: There is no √ in font cmti10!
Missing character: There is no ç in font cmti10!

Overfull \hbox (16.59988pt too wide) in paragraph at lines 5--7
\OT1/cmr/m/sc/10 Jos
 []


Overfull \hbox (14.24431pt too wide) in paragraph at lines 5--7
\OT1/cmr/m/sc/10 Ig-
 []


Overfull \hbox (16.04437pt too wide) in paragraph at lines 5--7
\OT1/cmr/m/sc/10 na-
 []


Overfull \hbox (15.2888pt too wide) in paragraph at lines 5--7
\OT1/cmr/m/sc/10 cio
 []


Overfull \hbox (12.96654pt too wide) in paragraph at lines 5--7
\OT1/cmr/m/sc/10 Il-
 []


Overfull \hbox (23.53325pt too wide) in paragraph at lines 5--7
\OT1/cmr/m/sc/10 lana
 []


Overfull \hbox (13.05547pt too wide) in paragraph at lines 5--7
\OT1/cmr/m/it/10 EL
 []


Overfull \hbox (27.76093pt too wide) in paragraph at lines 5--7
\OT1/cmr/m/it/10 MOD-
 []


Overfull \hbox (20.72209pt too wide) in paragraph at lines 5--7
\OT1/cmr/m/it/10 ELO
 []


Overfull \hbox (15.98323pt too wide) in paragraph at lines 5--7
\OT1/cmr/m/it/10 ES-
 []


Overfull \hbox (10.73325pt too wide) in paragraph at lines 5--7
\OT1/cmr/m/it/10 T-
 []


Overfull \hbox (29.45535pt too wide) in paragraph at lines 5--7
\OT1/cmr/m/it/10 NDAR
 []


Overfull \hbox (7.43329pt too wide) in paragraph at lines 5--7
\OT1/cmr/m/it/10 Y
 []


Overfull \hbox (13.05548pt too wide) in paragraph at lines 5--7
\OT1/cmr/m/it/10 SU
 []


Overfull \hbox (88.36891pt too wide) in paragraph at lines 5--7
\OT1/cmr/m/it/10 FENOMENOLOGA 
 []


! LaTeX Error: Lonely \item--perhaps a missing list environment.

See the LaTeX manual or LaTeX Companion for explanation.
Type  H <return>  for immediate help.
 ...                                              
                                                  
l.7 \bibitem{notas}
                    \textsc{Siannah Pe√±aranda Rivas},
Try typing  <return>  to proceed.
If that doesn't work, type  X <return>  to quit.

! Undefined control sequence.
<argument> \@listctr 
                     
l.7 \bibitem{notas}
                    \textsc{Siannah Pe√±aranda Rivas},
The control sequence at the end of the top line
of your error message was never \def'ed. If you have
misspelled it (e.g., `\hobx'), type `I' and the correct
spelling (e.g., `I\hbox'). Otherwise just continue,
and I'll forget about whatever was undefined.

! You can't use `\relax' after \the.
<recently read> \c@ 
                    
l.7 \bibitem{notas}
                    \textsc{Siannah Pe√±aranda Rivas},
I'm forgetting what you said and using zero instead.

\bibcite{notas}{0}
Missing character: There is no √ in font cmcsc10!
Missing character: There is no ± in font cmcsc10!
Missing character: There is no , in font nullfont!

Overfull \hbox (39.79982pt too wide) in paragraph at lines 7--9
\OT1/cmr/m/sc/10 Siannah
 []


Overfull \hbox (49.57199pt too wide) in paragraph at lines 7--9
\OT1/cmr/m/sc/10 Pearanda
 []


Overfull \hbox (14.79987pt too wide) in paragraph at lines 7--9
\OT1/cmr/m/sc/10 Ri-
 []


Overfull \hbox (15.9555pt too wide) in paragraph at lines 7--9
\OT1/cmr/m/sc/10 vas
 []


Overfull \hbox (32.48871pt too wide) in paragraph at lines 7--9
\OT1/cmr/m/it/10 "Quan-
 []


Overfull \hbox (16.86656pt too wide) in paragraph at lines 7--9
\OT1/cmr/m/it/10 tum
 []


Overfull \hbox (21.86096pt too wide) in paragraph at lines 7--9
\OT1/cmr/m/it/10 Field
 []


Overfull \hbox (20.44429pt too wide) in paragraph at lines 7--9
\OT1/cmr/m/it/10 The-
 []


Overfull \hbox (19.32765pt too wide) in paragraph at lines 7--9
\OT1/cmr/m/it/10 ory"
 []


Overfull \hbox (20.5832pt too wide) in paragraph at lines 7--9
\OT1/cmr/m/it/10 Pho-
 []


Overfull \hbox (18.14433pt too wide) in paragraph at lines 7--9
\OT1/cmr/m/it/10 tons
 []


Overfull \hbox (15.84436pt too wide) in paragraph at lines 7--9
\OT1/cmr/m/it/10 and
 []


Overfull \hbox (13.03323pt too wide) in paragraph at lines 7--9
\OT1/cmr/m/it/10 the
 []


Overfull \hbox (19.42204pt too wide) in paragraph at lines 7--9
\OT1/cmr/m/it/10 elec-
 []


Overfull \hbox (15.71652pt too wide) in paragraph at lines 7--9
\OT1/cmr/m/it/10 tro-
 []


Overfull \hbox (21.46652pt too wide) in paragraph at lines 7--9
\OT1/cmr/m/it/10 mag-
 []


Overfull \hbox (21.21095pt too wide) in paragraph at lines 7--9
\OT1/cmr/m/it/10 netic
 []


Overfull \hbox (18.92212pt too wide) in paragraph at lines 7--9
\OT1/cmr/m/it/10 field 
 []


! LaTeX Error: Lonely \item--perhaps a missing list environment.

See the LaTeX manual or LaTeX Companion for explanation.
Type  H <return>  for immediate help.
 ...                                              
                                                  
l.9 \bibitem{resumen}
                      \textsc{M. Gomez-Bock}, \textsc{M. Mondrag√≥n}, \texts...

Try typing  <return>  to proceed.
If that doesn't work, type  X <return>  to quit.

! Undefined control sequence.
<argument> \@listctr 
                     
l.9 \bibitem{resumen}
                      \textsc{M. Gomez-Bock}, \textsc{M. Mondrag√≥n}, \texts...
The control sequence at the end of the top line
of your error message was never \def'ed. If you have
misspelled it (e.g., `\hobx'), type `I' and the correct
spelling (e.g., `I\hbox'). Otherwise just continue,
and I'll forget about whatever was undefined.

! You can't use `\relax' after \the.
<recently read> \c@ 
                    
l.9 \bibitem{resumen}
                      \textsc{M. Gomez-Bock}, \textsc{M. Mondrag√≥n}, \texts...
I'm forgetting what you said and using zero instead.

\bibcite{resumen}{0}
Missing character: There is no , in font nullfont!
Missing character: There is no √ in font cmcsc10!
Missing character: There is no ≥ in font cmcsc10!
Missing character: There is no , in font nullfont!
Missing character: There is no √ in font cmcsc10!
Missing character: There is no º in font cmcsc10!
Missing character: There is no , in font nullfont!
Missing character: There is no , in font nullfont!
Missing character: There is no , in font nullfont!
Missing character: There is no y in font nullfont!
Missing character: There is no , in font nullfont!
Missing character: There is no √ in font cmti10!
Missing character: There is no ≠ in font cmti10!
Missing character: There is no √ in font cmti10!
Missing character: There is no © in font cmti10!
Missing character: There is no √ in font cmti10!
Missing character: There is no ≠ in font cmti10!
Missing character: There is no √ in font cmti10!
Missing character: There is no ° in font cmti10!

Overfull \hbox (13.08318pt too wide) in paragraph at lines 9--11
\OT1/cmr/m/sc/10 M.
 []


Overfull \hbox (36.71365pt too wide) in paragraph at lines 9--11
\OT1/cmr/m/sc/10 Gomez-
 []


Overfull \hbox (26.33038pt too wide) in paragraph at lines 9--11
\OT1/cmr/m/sc/10 Bock
 []


Overfull \hbox (13.08318pt too wide) in paragraph at lines 9--11
\OT1/cmr/m/sc/10 M.
 []


Overfull \hbox (26.15536pt too wide) in paragraph at lines 9--11
\OT1/cmr/m/sc/10 Mon-
 []


Overfull \hbox (30.7221pt too wide) in paragraph at lines 9--11
\OT1/cmr/m/sc/10 dragn
 []


Overfull \hbox (13.08318pt too wide) in paragraph at lines 9--11
\OT1/cmr/m/sc/10 M.
 []


Overfull \hbox (19.79984pt too wide) in paragraph at lines 9--11
\OT1/cmr/m/sc/10 Mh-
 []


Overfull \hbox (28.55536pt too wide) in paragraph at lines 9--11
\OT1/cmr/m/sc/10 lleit-
 []


Overfull \hbox (17.73326pt too wide) in paragraph at lines 9--11
\OT1/cmr/m/sc/10 ner
 []


Overfull \hbox (11.19432pt too wide) in paragraph at lines 9--11
\OT1/cmr/m/sc/10 R.
 []


Overfull \hbox (45.43861pt too wide) in paragraph at lines 9--11
\OT1/cmr/m/sc/10 Noriega-
 []


Overfull \hbox (39.00809pt too wide) in paragraph at lines 9--11
\OT1/cmr/m/sc/10 Papaqui
 []


Overfull \hbox (7.2499pt too wide) in paragraph at lines 9--11
\OT1/cmr/m/sc/10 I.
 []


Overfull \hbox (16.77206pt too wide) in paragraph at lines 9--11
\OT1/cmr/m/sc/10 Pe-
 []


Overfull \hbox (29.55547pt too wide) in paragraph at lines 9--11
\OT1/cmr/m/sc/10 draza
 []


Overfull \hbox (13.08318pt too wide) in paragraph at lines 9--11
\OT1/cmr/m/sc/10 M.
 []


Overfull \hbox (26.8665pt too wide) in paragraph at lines 9--11
\OT1/cmr/m/sc/10 Spira
 []


Overfull \hbox (23.69415pt too wide) in paragraph at lines 9--11
\OT1/cmr/m/sc/10 P.M.
 []


Overfull \hbox (22.07207pt too wide) in paragraph at lines 9--11
\OT1/cmr/m/sc/10 Zer-
 []


Overfull \hbox (18.17772pt too wide) in paragraph at lines 9--11
\OT1/cmr/m/sc/10 was
 []


Overfull \hbox (58.14964pt too wide) in paragraph at lines 9--11
\OT1/cmr/m/it/10 Rompimiento
 []


Overfull \hbox (9.71104pt too wide) in paragraph at lines 9--11
\OT1/cmr/m/it/10 de
 []


Overfull \hbox (7.66663pt too wide) in paragraph at lines 9--11
\OT1/cmr/m/it/10 la
 []


Overfull \hbox (23.51096pt too wide) in paragraph at lines 9--11
\OT1/cmr/m/it/10 sime-
 []


Overfull \hbox (12.13878pt too wide) in paragraph at lines 9--11
\OT1/cmr/m/it/10 tra
 []


Overfull \hbox (19.42204pt too wide) in paragraph at lines 9--11
\OT1/cmr/m/it/10 elec-
 []


Overfull \hbox (20.31648pt too wide) in paragraph at lines 9--11
\OT1/cmr/m/it/10 trod-
 []


Overfull \hbox (10.22215pt too wide) in paragraph at lines 9--11
\OT1/cmr/m/it/10 bil
 []


Overfull \hbox (4.85551pt too wide) in paragraph at lines 9--11
\OT1/cmr/m/it/10 y
 []


Overfull \hbox (7.66663pt too wide) in paragraph at lines 9--11
\OT1/cmr/m/it/10 la
 []


Overfull \hbox (19.42209pt too wide) in paragraph at lines 9--11
\OT1/cmr/m/it/10 fsica
 []


Overfull \hbox (12.26659pt too wide) in paragraph at lines 9--11
\OT1/cmr/m/it/10 del
 []


Overfull \hbox (26.85538pt too wide) in paragraph at lines 9--11
\OT1/cmr/m/it/10 Higgs:
 []


Overfull \hbox (21.46652pt too wide) in paragraph at lines 9--11
\OT1/cmr/m/it/10 Con-
 []


Overfull \hbox (17.37762pt too wide) in paragraph at lines 9--11
\OT1/cmr/m/it/10 cep-
 []


Overfull \hbox (12.52214pt too wide) in paragraph at lines 9--11
\OT1/cmr/m/it/10 tos
 []


Overfull \hbox (17.77211pt too wide) in paragraph at lines 9--11
\OT1/cmr/m/it/10 Bsi-
 []


Overfull \hbox (14.1096pt too wide) in paragraph at lines 9--11
\OT1/cmr/m/it/10 cos 
 []


! LaTeX Error: Lonely \item--perhaps a missing list environment.

See the LaTeX manual or LaTeX Companion for explanation.
Type  H <return>  for immediate help.
 ...                                              
                                                  
l.11 \bibitem{Martin}
                      \textsc{Francis Halzen} y \textsc{Alan D. Martin},
Try typing  <return>  to proceed.
If that doesn't work, type  X <return>  to quit.

! Undefined control sequence.
<argument> \@listctr 
                     
l.11 \bibitem{Martin}
                      \textsc{Francis Halzen} y \textsc{Alan D. Martin},
The control sequence at the end of the top line
of your error message was never \def'ed. If you have
misspelled it (e.g., `\hobx'), type `I' and the correct
spelling (e.g., `I\hbox'). Otherwise just continue,
and I'll forget about whatever was undefined.

! You can't use `\relax' after \the.
<recently read> \c@ 
                    
l.11 \bibitem{Martin}
                      \textsc{Francis Halzen} y \textsc{Alan D. Martin},
I'm forgetting what you said and using zero instead.

\bibcite{Martin}{0}
Missing character: There is no y in font nullfont!
Missing character: There is no , in font nullfont!

Overfull \hbox (38.9248pt too wide) in paragraph at lines 11--13
\OT1/cmr/m/sc/10 Francis
 []


Overfull \hbox (36.13869pt too wide) in paragraph at lines 11--13
\OT1/cmr/m/sc/10 Halzen
 []


Overfull \hbox (25.53874pt too wide) in paragraph at lines 11--13
\OT1/cmr/m/sc/10 Alan
 []


Overfull \hbox (11.486pt too wide) in paragraph at lines 11--13
\OT1/cmr/m/sc/10 D.
 []


Overfull \hbox (25.82204pt too wide) in paragraph at lines 11--13
\OT1/cmr/m/sc/10 Mar-
 []


Overfull \hbox (15.06659pt too wide) in paragraph at lines 11--13
\OT1/cmr/m/sc/10 tin
 []


Overfull \hbox (43.13864pt too wide) in paragraph at lines 11--13
\OT1/cmr/m/it/10 QUARKS
 []


Overfull \hbox (22.41652pt too wide) in paragraph at lines 11--13
\OT1/cmr/m/it/10 AND
 []


Overfull \hbox (23.4165pt too wide) in paragraph at lines 11--13
\OT1/cmr/m/it/10 LEP-
 []


Overfull \hbox (30.94426pt too wide) in paragraph at lines 11--13
\OT1/cmr/m/it/10 TONS:
 []


Overfull \hbox (12.79991pt too wide) in paragraph at lines 11--13
\OT1/cmr/m/it/10 An
 []


Overfull \hbox (13.05547pt too wide) in paragraph at lines 11--13
\OT1/cmr/m/it/10 In-
 []


Overfull \hbox (15.71652pt too wide) in paragraph at lines 11--13
\OT1/cmr/m/it/10 tro-
 []


Overfull \hbox (18.65543pt too wide) in paragraph at lines 11--13
\OT1/cmr/m/it/10 duc-
 []


Overfull \hbox (17.50542pt too wide) in paragraph at lines 11--13
\OT1/cmr/m/it/10 tory
 []


Overfull \hbox (30.53868pt too wide) in paragraph at lines 11--13
\OT1/cmr/m/it/10 Course
 []


Overfull \hbox (8.68884pt too wide) in paragraph at lines 11--13
\OT1/cmr/m/it/10 in
 []


Overfull \hbox (22.2554pt too wide) in paragraph at lines 11--13
\OT1/cmr/m/it/10 Mod-
 []


Overfull \hbox (14.43878pt too wide) in paragraph at lines 11--13
\OT1/cmr/m/it/10 ern
 []


Overfull \hbox (19.68875pt too wide) in paragraph at lines 11--13
\OT1/cmr/m/it/10 Par-
 []


Overfull \hbox (9.96658pt too wide) in paragraph at lines 11--13
\OT1/cmr/m/it/10 ti-
 []


Overfull \hbox (11.75546pt too wide) in paragraph at lines 11--13
\OT1/cmr/m/it/10 cle
 []


Overfull \hbox (33.41505pt too wide) in paragraph at lines 11--13
\OT1/cmr/m/it/10 Physics 
 []


! LaTeX Error: Lonely \item--perhaps a missing list environment.

See the LaTeX manual or LaTeX Companion for explanation.
Type  H <return>  for immediate help.
 ...                                              
                                                  
l.13 \bibitem{PDG}
                   \textit{Part√≠cle data group} (http://pdg.lbl.gov/)
Try typing  <return>  to proceed.
If that doesn't work, type  X <return>  to quit.

! Undefined control sequence.
<argument> \@listctr 
                     
l.13 \bibitem{PDG}
                   \textit{Part√≠cle data group} (http://pdg.lbl.gov/)
The control sequence at the end of the top line
of your error message was never \def'ed. If you have
misspelled it (e.g., `\hobx'), type `I' and the correct
spelling (e.g., `I\hbox'). Otherwise just continue,
and I'll forget about whatever was undefined.

! You can't use `\relax' after \the.
<recently read> \c@ 
                    
l.13 \bibitem{PDG}
                   \textit{Part√≠cle data group} (http://pdg.lbl.gov/)
I'm forgetting what you said and using zero instead.

\bibcite{PDG}{0}
Missing character: There is no √ in font cmti10!
Missing character: There is no ≠ in font cmti10!
Missing character: There is no ( in font nullfont!
Missing character: There is no h in font nullfont!
Missing character: There is no t in font nullfont!
Missing character: There is no t in font nullfont!
Missing character: There is no p in font nullfont!
Missing character: There is no : in font nullfont!
Missing character: There is no / in font nullfont!
Missing character: There is no / in font nullfont!
Missing character: There is no p in font nullfont!
Missing character: There is no d in font nullfont!
Missing character: There is no g in font nullfont!
Missing character: There is no . in font nullfont!
Missing character: There is no l in font nullfont!
Missing character: There is no b in font nullfont!
Missing character: There is no l in font nullfont!
Missing character: There is no . in font nullfont!
Missing character: There is no g in font nullfont!
Missing character: There is no o in font nullfont!
Missing character: There is no v in font nullfont!
Missing character: There is no / in font nullfont!
Missing character: There is no ) in font nullfont!

Overfull \hbox (31.18866pt too wide) in paragraph at lines 13--14
\OT1/cmr/m/it/10 Partcle
 []


Overfull \hbox (18.65544pt too wide) in paragraph at lines 13--14
\OT1/cmr/m/it/10 data
 []


Overfull \hbox (24.5255pt too wide) in paragraph at lines 13--14
\OT1/cmr/m/it/10 group 
 []


! LaTeX Error: Lonely \item--perhaps a missing list environment.

See the LaTeX manual or LaTeX Companion for explanation.
Type  H <return>  for immediate help.
 ...                                              
                                                  
l.14 \bibitem{QCD}
                   \textsc{Matthias Jamin},
Try typing  <return>  to proceed.
If that doesn't work, type  X <return>  to quit.

! Undefined control sequence.
<argument> \@listctr 
                     
l.14 \bibitem{QCD}
                   \textsc{Matthias Jamin},
The control sequence at the end of the top line
of your error message was never \def'ed. If you have
misspelled it (e.g., `\hobx'), type `I' and the correct
spelling (e.g., `I\hbox'). Otherwise just continue,
and I'll forget about whatever was undefined.

! You can't use `\relax' after \the.
<recently read> \c@ 
                    
l.14 \bibitem{QCD}
                   \textsc{Matthias Jamin},
I'm forgetting what you said and using zero instead.

\bibcite{QCD}{0}
Missing character: There is no , in font nullfont!

Overfull \hbox (47.04414pt too wide) in paragraph at lines 14--16
\OT1/cmr/m/sc/10 Matthias
 []


Overfull \hbox (28.42206pt too wide) in paragraph at lines 14--16
\OT1/cmr/m/sc/10 Jamin
 []


Overfull \hbox (22.37207pt too wide) in paragraph at lines 14--16
\OT1/cmr/m/it/10 QCD
 []


Overfull \hbox (15.84436pt too wide) in paragraph at lines 14--16
\OT1/cmr/m/it/10 and
 []


Overfull \hbox (29.91089pt too wide) in paragraph at lines 14--16
\OT1/cmr/m/it/10 Renor-
 []


Overfull \hbox (19.4221pt too wide) in paragraph at lines 14--16
\OT1/cmr/m/it/10 mal-
 []


Overfull \hbox (6.6444pt too wide) in paragraph at lines 14--16
\OT1/cmr/m/it/10 i-
 []


Overfull \hbox (12.7777pt too wide) in paragraph at lines 14--16
\OT1/cmr/m/it/10 sa-
 []


Overfull \hbox (17.12212pt too wide) in paragraph at lines 14--16
\OT1/cmr/m/it/10 tion
 []


Overfull \hbox (27.03038pt too wide) in paragraph at lines 14--16
\OT1/cmr/m/it/10 Group
 []


Overfull \hbox (25.57759pt too wide) in paragraph at lines 14--16
\OT1/cmr/m/it/10 Meth-
 []


Overfull \hbox (14.62073pt too wide) in paragraph at lines 14--16
\OT1/cmr/m/it/10 ods 
 []


! LaTeX Error: Lonely \item--perhaps a missing list environment.

See the LaTeX manual or LaTeX Companion for explanation.
Type  H <return>  for immediate help.
 ...                                              
                                                  
l.16 \bibitem{Rojo}
                   \textsc{Juan Rojo},
Try typing  <return>  to proceed.
If that doesn't work, type  X <return>  to quit.

! Undefined control sequence.
<argument> \@listctr 
                     
l.16 \bibitem{Rojo}
                   \textsc{Juan Rojo},
The control sequence at the end of the top line
of your error message was never \def'ed. If you have
misspelled it (e.g., `\hobx'), type `I' and the correct
spelling (e.g., `I\hbox'). Otherwise just continue,
and I'll forget about whatever was undefined.

! You can't use `\relax' after \the.
<recently read> \c@ 
                    
l.16 \bibitem{Rojo}
                   \textsc{Juan Rojo},
I'm forgetting what you said and using zero instead.

\bibcite{Rojo}{0}
Missing character: There is no , in font nullfont!

Overfull \hbox (24.06654pt too wide) in paragraph at lines 16--18
\OT1/cmr/m/sc/10 Juan
 []


Overfull \hbox (24.66374pt too wide) in paragraph at lines 16--18
\OT1/cmr/m/sc/10 Rojo
 []


Overfull \hbox (16.86655pt too wide) in paragraph at lines 16--18
\OT1/cmr/m/it/10 The
 []


Overfull \hbox (27.98312pt too wide) in paragraph at lines 16--18
\OT1/cmr/m/it/10 Strong
 []


Overfull \hbox (13.05547pt too wide) in paragraph at lines 16--18
\OT1/cmr/m/it/10 In-
 []


Overfull \hbox (15.71652pt too wide) in paragraph at lines 16--18
\OT1/cmr/m/it/10 ter-
 []


Overfull \hbox (13.28879pt too wide) in paragraph at lines 16--18
\OT1/cmr/m/it/10 ac-
 []


Overfull \hbox (17.12212pt too wide) in paragraph at lines 16--18
\OT1/cmr/m/it/10 tion
 []


Overfull \hbox (15.84436pt too wide) in paragraph at lines 16--18
\OT1/cmr/m/it/10 and
 []


Overfull \hbox (20.86096pt too wide) in paragraph at lines 16--18
\OT1/cmr/m/it/10 LHC
 []


Overfull \hbox (18.39987pt too wide) in paragraph at lines 16--18
\OT1/cmr/m/it/10 phe-
 []


Overfull \hbox (40.37753pt too wide) in paragraph at lines 16--18
\OT1/cmr/m/it/10 nomenol-
 []


Overfull \hbox (14.94016pt too wide) in paragraph at lines 16--18
\OT1/cmr/m/it/10 ogy 
 []


! LaTeX Error: Lonely \item--perhaps a missing list environment.

See the LaTeX manual or LaTeX Companion for explanation.
Type  H <return>  for immediate help.
 ...                                              
                                                  
l.18 \bibitem{Thomson}
                       \textsc{Mark Thomson},
Try typing  <return>  to proceed.
If that doesn't work, type  X <return>  to quit.

! Undefined control sequence.
<argument> \@listctr 
                     
l.18 \bibitem{Thomson}
                       \textsc{Mark Thomson},
The control sequence at the end of the top line
of your error message was never \def'ed. If you have
misspelled it (e.g., `\hobx'), type `I' and the correct
spelling (e.g., `I\hbox'). Otherwise just continue,
and I'll forget about whatever was undefined.

! You can't use `\relax' after \the.
<recently read> \c@ 
                    
l.18 \bibitem{Thomson}
                       \textsc{Mark Thomson},
I'm forgetting what you said and using zero instead.

\bibcite{Thomson}{0}
Missing character: There is no , in font nullfont!

Overfull \hbox (28.39983pt too wide) in paragraph at lines 18--20
\OT1/cmr/m/sc/10 Mark
 []


Overfull \hbox (31.59425pt too wide) in paragraph at lines 18--20
\OT1/cmr/m/sc/10 Thom-
 []


Overfull \hbox (17.0666pt too wide) in paragraph at lines 18--20
\OT1/cmr/m/sc/10 son
 []


Overfull \hbox (19.68875pt too wide) in paragraph at lines 18--20
\OT1/cmr/m/it/10 Par-
 []


Overfull \hbox (9.96658pt too wide) in paragraph at lines 18--20
\OT1/cmr/m/it/10 ti-
 []


Overfull \hbox (11.75546pt too wide) in paragraph at lines 18--20
\OT1/cmr/m/it/10 cle
 []


Overfull \hbox (33.41505pt too wide) in paragraph at lines 18--20
\OT1/cmr/m/it/10 Physics 
 []


! LaTeX Error: Lonely \item--perhaps a missing list environment.

See the LaTeX manual or LaTeX Companion for explanation.
Type  H <return>  for immediate help.
 ...                                              
                                                  
l.20 \bibitem{notas1}
                      \textsc{Mark Thomson},
Try typing  <return>  to proceed.
If that doesn't work, type  X <return>  to quit.

! Undefined control sequence.
<argument> \@listctr 
                     
l.20 \bibitem{notas1}
                      \textsc{Mark Thomson},
The control sequence at the end of the top line
of your error message was never \def'ed. If you have
misspelled it (e.g., `\hobx'), type `I' and the correct
spelling (e.g., `I\hbox'). Otherwise just continue,
and I'll forget about whatever was undefined.

! You can't use `\relax' after \the.
<recently read> \c@ 
                    
l.20 \bibitem{notas1}
                      \textsc{Mark Thomson},
I'm forgetting what you said and using zero instead.

\bibcite{notas1}{0}
Missing character: There is no , in font nullfont!
Missing character: There is no H in font nullfont!
Missing character: There is no a in font nullfont!
Missing character: There is no n in font nullfont!
Missing character: There is no d in font nullfont!
Missing character: There is no o in font nullfont!
Missing character: There is no u in font nullfont!
Missing character: There is no t in font nullfont!
Missing character: There is no 1 in font nullfont!
Missing character: There is no : in font nullfont!
Missing character: There is no I in font nullfont!
Missing character: There is no n in font nullfont!
Missing character: There is no t in font nullfont!
Missing character: There is no r in font nullfont!
Missing character: There is no o in font nullfont!
Missing character: There is no d in font nullfont!
Missing character: There is no u in font nullfont!
Missing character: There is no c in font nullfont!
Missing character: There is no c in font nullfont!
Missing character: There is no i in font nullfont!
Missing character: There is no √ in font nullfont!
Missing character: There is no ≥ in font nullfont!
Missing character: There is no n in font nullfont!

Overfull \hbox (28.39983pt too wide) in paragraph at lines 20--22
\OT1/cmr/m/sc/10 Mark
 []


Overfull \hbox (31.59425pt too wide) in paragraph at lines 20--22
\OT1/cmr/m/sc/10 Thom-
 []


Overfull \hbox (17.0666pt too wide) in paragraph at lines 20--22
\OT1/cmr/m/sc/10 son
 []


Overfull \hbox (19.68875pt too wide) in paragraph at lines 20--22
\OT1/cmr/m/it/10 Par-
 []


Overfull \hbox (9.96658pt too wide) in paragraph at lines 20--22
\OT1/cmr/m/it/10 ti-
 []


Overfull \hbox (11.75546pt too wide) in paragraph at lines 20--22
\OT1/cmr/m/it/10 cle
 []


Overfull \hbox (32.59424pt too wide) in paragraph at lines 20--22
\OT1/cmr/m/it/10 Physics
 []


! LaTeX Error: The font size command \normalsize is not defined:
               there is probably something wrong with the class file.

See the LaTeX manual or LaTeX Companion for explanation.
Type  H <return>  for immediate help.
 ...                                              
                                                  
l.22 \bibitem{notas2}
                      \textsc{Mark Thomson},
Your command was ignored.
Type  I <command> <return>  to replace it with another command,
or  <return>  to continue without it.

[1{/var/lib/texmf/fonts/map/pdftex/updmap/pdftex.map}]

! LaTeX Error: Lonely \item--perhaps a missing list environment.

See the LaTeX manual or LaTeX Companion for explanation.
Type  H <return>  for immediate help.
 ...                                              
                                                  
l.22 \bibitem{notas2}
                      \textsc{Mark Thomson},
Try typing  <return>  to proceed.
If that doesn't work, type  X <return>  to quit.

! Undefined control sequence.
<argument> \@listctr 
                     
l.22 \bibitem{notas2}
                      \textsc{Mark Thomson},
The control sequence at the end of the top line
of your error message was never \def'ed. If you have
misspelled it (e.g., `\hobx'), type `I' and the correct
spelling (e.g., `I\hbox'). Otherwise just continue,
and I'll forget about whatever was undefined.

! You can't use `\relax' after \the.
<recently read> \c@ 
                    
l.22 \bibitem{notas2}
                      \textsc{Mark Thomson},
I'm forgetting what you said and using zero instead.

\bibcite{notas2}{0}
Missing character: There is no , in font nullfont!
Missing character: There is no H in font nullfont!
Missing character: There is no a in font nullfont!
Missing character: There is no n in font nullfont!
Missing character: There is no d in font nullfont!
Missing character: There is no o in font nullfont!
Missing character: There is no u in font nullfont!
Missing character: There is no t in font nullfont!
Missing character: There is no 1 in font nullfont!
Missing character: There is no : in font nullfont!
Missing character: There is no S in font nullfont!
Missing character: There is no y in font nullfont!
Missing character: There is no m in font nullfont!
Missing character: There is no m in font nullfont!
Missing character: There is no e in font nullfont!
Missing character: There is no t in font nullfont!
Missing character: There is no r in font nullfont!
Missing character: There is no i in font nullfont!
Missing character: There is no e in font nullfont!
Missing character: There is no s in font nullfont!
Missing character: There is no a in font nullfont!
Missing character: There is no n in font nullfont!
Missing character: There is no d in font nullfont!
Missing character: There is no Q in font nullfont!
Missing character: There is no u in font nullfont!
Missing character: There is no a in font nullfont!
Missing character: There is no r in font nullfont!
Missing character: There is no k in font nullfont!
Missing character: There is no M in font nullfont!
Missing character: There is no o in font nullfont!
Missing character: There is no d in font nullfont!
Missing character: There is no e in font nullfont!
Missing character: There is no l in font nullfont!

Overfull \hbox (28.39983pt too wide) in paragraph at lines 22--24
\OT1/cmr/m/sc/10 Mark
 []


Overfull \hbox (31.59425pt too wide) in paragraph at lines 22--24
\OT1/cmr/m/sc/10 Thom-
 []


Overfull \hbox (17.0666pt too wide) in paragraph at lines 22--24
\OT1/cmr/m/sc/10 son
 []


Overfull \hbox (19.68875pt too wide) in paragraph at lines 22--24
\OT1/cmr/m/it/10 Par-
 []


Overfull \hbox (9.96658pt too wide) in paragraph at lines 22--24
\OT1/cmr/m/it/10 ti-
 []


Overfull \hbox (11.75546pt too wide) in paragraph at lines 22--24
\OT1/cmr/m/it/10 cle
 []


Overfull \hbox (32.59424pt too wide) in paragraph at lines 22--24
\OT1/cmr/m/it/10 Physics
 []


! LaTeX Error: Lonely \item--perhaps a missing list environment.

See the LaTeX manual or LaTeX Companion for explanation.
Type  H <return>  for immediate help.
 ...                                              
                                                  
l.24 \bibitem{Santos}
                      \textsc{Joaqu√≠n Santos Blasco},
Try typing  <return>  to proceed.
If that doesn't work, type  X <return>  to quit.

! Undefined control sequence.
<argument> \@listctr 
                     
l.24 \bibitem{Santos}
                      \textsc{Joaqu√≠n Santos Blasco},
The control sequence at the end of the top line
of your error message was never \def'ed. If you have
misspelled it (e.g., `\hobx'), type `I' and the correct
spelling (e.g., `I\hbox'). Otherwise just continue,
and I'll forget about whatever was undefined.

! You can't use `\relax' after \the.
<recently read> \c@ 
                    
l.24 \bibitem{Santos}
                      \textsc{Joaqu√≠n Santos Blasco},
I'm forgetting what you said and using zero instead.

\bibcite{Santos}{0}
Missing character: There is no √ in font cmcsc10!
Missing character: There is no ≠ in font cmcsc10!
Missing character: There is no , in font nullfont!

Overfull \hbox (36.33315pt too wide) in paragraph at lines 24--26
\OT1/cmr/m/sc/10 Joaqun
 []


Overfull \hbox (22.15541pt too wide) in paragraph at lines 24--26
\OT1/cmr/m/sc/10 San-
 []


Overfull \hbox (16.84436pt too wide) in paragraph at lines 24--26
\OT1/cmr/m/sc/10 tos
 []


Overfull \hbox (35.81923pt too wide) in paragraph at lines 24--26
\OT1/cmr/m/sc/10 Blasco
 []


Overfull \hbox (22.29985pt too wide) in paragraph at lines 24--26
\OT1/cmr/m/it/10 UNI-
 []


Overfull \hbox (27.78316pt too wide) in paragraph at lines 24--26
\OT1/cmr/m/it/10 TARY
 []


Overfull \hbox (32.14978pt too wide) in paragraph at lines 24--26
\OT1/cmr/m/it/10 ANAL-
 []


Overfull \hbox (11.01103pt too wide) in paragraph at lines 24--26
\OT1/cmr/m/it/10 Y-
 []


Overfull \hbox (15.09991pt too wide) in paragraph at lines 24--26
\OT1/cmr/m/it/10 SIS
 []


Overfull \hbox (14.19435pt too wide) in paragraph at lines 24--26
\OT1/cmr/m/it/10 OF
 []


Overfull \hbox (21.37209pt too wide) in paragraph at lines 24--26
\OT1/cmr/m/it/10 THE
 []


Overfull \hbox (41.21085pt too wide) in paragraph at lines 24--26
\OT1/cmr/m/it/10 SCALAR
 []


Overfull \hbox (23.13873pt too wide) in paragraph at lines 24--26
\OT1/cmr/m/it/10 SEC-
 []


Overfull \hbox (22.11653pt too wide) in paragraph at lines 24--26
\OT1/cmr/m/it/10 TOR
 []


Overfull \hbox (14.19435pt too wide) in paragraph at lines 24--26
\OT1/cmr/m/it/10 OF
 []


Overfull \hbox (21.37209pt too wide) in paragraph at lines 24--26
\OT1/cmr/m/it/10 THE
 []


Overfull \hbox (30.45535pt too wide) in paragraph at lines 24--26
\OT1/cmr/m/it/10 STAN-
 []


Overfull \hbox (29.572pt too wide) in paragraph at lines 24--26
\OT1/cmr/m/it/10 DARD
 []


Overfull \hbox (37.23865pt too wide) in paragraph at lines 24--26
\OT1/cmr/m/it/10 MODEL 
 []


! LaTeX Error: Lonely \item--perhaps a missing list environment.

See the LaTeX manual or LaTeX Companion for explanation.
Type  H <return>  for immediate help.
 ...                                              
                                                  
l.26 \bibitem{string}
                      \textsc{J. Marsano},
Try typing  <return>  to proceed.
If that doesn't work, type  X <return>  to quit.

! Undefined control sequence.
<argument> \@listctr 
                     
l.26 \bibitem{string}
                      \textsc{J. Marsano},
The control sequence at the end of the top line
of your error message was never \def'ed. If you have
misspelled it (e.g., `\hobx'), type `I' and the correct
spelling (e.g., `I\hbox'). Otherwise just continue,
and I'll forget about whatever was undefined.

! You can't use `\relax' after \the.
<recently read> \c@ 
                    
l.26 \bibitem{string}
                      \textsc{J. Marsano},
I'm forgetting what you said and using zero instead.

\bibcite{string}{0}
Missing character: There is no , in font nullfont!
Missing character: There is no L in font nullfont!
Missing character: There is no e in font nullfont!
Missing character: There is no c in font nullfont!
Missing character: There is no t in font nullfont!
Missing character: There is no u in font nullfont!
Missing character: There is no r in font nullfont!
Missing character: There is no e in font nullfont!
Missing character: There is no 3 in font nullfont!
Missing character: There is no : in font nullfont!
Missing character: There is no W in font nullfont!
Missing character: There is no h in font nullfont!
Missing character: There is no y in font nullfont!
Missing character: There is no d in font nullfont!
Missing character: There is no o in font nullfont!
Missing character: There is no w in font nullfont!
Missing character: There is no e in font nullfont!
Missing character: There is no n in font nullfont!
Missing character: There is no e in font nullfont!
Missing character: There is no e in font nullfont!
Missing character: There is no d in font nullfont!
Missing character: There is no t in font nullfont!
Missing character: There is no h in font nullfont!
Missing character: There is no e in font nullfont!
Missing character: There is no H in font nullfont!
Missing character: There is no i in font nullfont!
Missing character: There is no g in font nullfont!
Missing character: There is no g in font nullfont!
Missing character: There is no s in font nullfont!
Missing character: There is no ? in font nullfont!

Overfull \hbox (8.861pt too wide) in paragraph at lines 26--28
\OT1/cmr/m/sc/10 J.
 []


Overfull \hbox (45.24422pt too wide) in paragraph at lines 26--28
\OT1/cmr/m/sc/10 Marsano
 []


Overfull \hbox (26.44981pt too wide) in paragraph at lines 26--28
\OT1/cmr/m/it/10 String
 []


Overfull \hbox (15.84433pt too wide) in paragraph at lines 26--28
\OT1/cmr/m/it/10 Th-
 []


Overfull \hbox (13.6721pt too wide) in paragraph at lines 26--28
\OT1/cmr/m/it/10 ery
 []


Overfull \hbox (8.68884pt too wide) in paragraph at lines 26--28
\OT1/cmr/m/it/10 in
 []


Overfull \hbox (13.03323pt too wide) in paragraph at lines 26--28
\OT1/cmr/m/it/10 the
 []


Overfull \hbox (20.86096pt too wide) in paragraph at lines 26--28
\OT1/cmr/m/it/10 LHC
 []


Overfull \hbox (15.59988pt too wide) in paragraph at lines 26--28
\OT1/cmr/m/it/10 Era
 []


! LaTeX Error: \begin{document} ended by \end{thebibliography}.

See the LaTeX manual or LaTeX Companion for explanation.
Type  H <return>  for immediate help.
 ...                                              
                                                  
l.29 \end{thebibliography}
                          
Your command was ignored.
Type  I <command> <return>  to replace it with another command,
or  <return>  to continue without it.

)
! Emergency stop.
<*> 10Bibliografia.tex
                      
*** (job aborted, no legal \end found)

 
Here is how much of TeX's memory you used:
 15 strings out of 493029
 272 string characters out of 6136234
 57072 words of memory out of 5000000
 3647 multiletter control sequences out of 15000+600000
 4287 words of font info for 16 fonts, out of 8000000 for 9000
 1141 hyphenation exceptions out of 8191
 21i,4n,16p,220b,134s stack positions out of 5000i,500n,10000p,200000b,80000s
!  ==> Fatal error occurred, no output PDF file produced!
